<?xml version="1.0" encoding="UTF-8"?>
<testsuite xmlns:xsi="http://www.w3.org/2001/XMLSchema-instance" xsi:noNamespaceSchemaLocation="https://maven.apache.org/surefire/maven-failsafe-plugin/xsd/failsafe-test-report-3.0.xsd" version="3.0" name="integration.AddressResolverIT" time="0.071" tests="2" errors="1" skipped="0" failures="1">
  <properties>
[...]
</properties>
  <testcase name="whenBadCoordidates_trhowBadArrayIndex" classname="integration.AddressResolverIT" time="0.046">
    <failure type="org.opentest4j.AssertionFailedError"><![CDATA[org.opentest4j.AssertionFailedError: Unexpected exception type thrown ==> expected: <java.lang.IndexOutOfBoundsException> but was: <java.lang.RuntimeException>
	at P2HttpClient@1.0-SNAPSHOT/integration.AddressResolverIT.whenBadCoordidates_trhowBadArrayIndex(AddressResolverIT.java:37)
Caused by: java.lang.RuntimeException: Unable to find config.properties
	at P2HttpClient@1.0-SNAPSHOT/integration.AddressResolverIT.lambda$whenBadCoordidates_trhowBadArrayIndex$0(AddressResolverIT.java:37)
	at P2HttpClient@1.0-SNAPSHOT/integration.AddressResolverIT.whenBadCoordidates_trhowBadArrayIndex(AddressResolverIT.java:37)
]]></failure>
  </testcase>
  <testcase name="whenGoodCoordidates_returnAddress" classname="integration.AddressResolverIT" time="0.002">
    <error type="java.lang.RuntimeException"><![CDATA[java.lang.RuntimeException: Unable to find config.properties
	at P2HttpClient@1.0-SNAPSHOT/integration.AddressResolverIT.whenGoodCoordidates_returnAddress(AddressResolverIT.java:30)
]]></error>
  </testcase>
</testsuite>