<?xml version="1.0" encoding="UTF-8"?>
<testsuite xmlns:xsi="http://www.w3.org/2001/XMLSchema-instance" xsi:noNamespaceSchemaLocation="https://maven.apache.org/surefire/maven-surefire-plugin/xsd/surefire-test-report.xsd" name="Basic Arithmetic" time="0.237" tests="4" errors="4" skipped="0" failures="0">
  <properties>
[...]
</properties>
  <testcase name="Addition - Trying hard" classname="Basic Arithmetic" time="0.221">
    <error message="The step &apos;the result is 9&apos; is undefined.&#10;You can implement this step using the snippet(s) below:&#10;&#10;@Then(&quot;the result is {int}&quot;)&#10;public void the_result_is(Integer int1) {&#10;    // Write code here that turns the phrase above into concrete actions&#10;    throw new io.cucumber.java.PendingException();&#10;}&#10;" type="io.cucumber.junit.platform.engine.UndefinedStepException">io.cucumber.junit.platform.engine.UndefinedStepException: 
The step 'the result is 9' is undefined.
You can implement this step using the snippet(s) below:

@Then("the result is {int}")
public void the_result_is(Integer int1) {
    // Write code here that turns the phrase above into concrete actions
    throw new io.cucumber.java.PendingException();
}

</error>
    <system-out><![CDATA[inicializando calc
adicionando e funcionando
adicionando nos steps
]]></system-out>
  </testcase>
  <testcase name="Substraction - Trying enough" classname="Basic Arithmetic" time="0.004">
    <error message="The step &apos;the result is 5&apos; is undefined.&#10;You can implement this step using the snippet(s) below:&#10;&#10;@Then(&quot;the result is {int}&quot;)&#10;public void the_result_is(Integer int1) {&#10;    // Write code here that turns the phrase above into concrete actions&#10;    throw new io.cucumber.java.PendingException();&#10;}&#10;" type="io.cucumber.junit.platform.engine.UndefinedStepException">io.cucumber.junit.platform.engine.UndefinedStepException: 
The step 'the result is 5' is undefined.
You can implement this step using the snippet(s) below:

@Then("the result is {int}")
public void the_result_is(Integer int1) {
    // Write code here that turns the phrase above into concrete actions
    throw new io.cucumber.java.PendingException();
}

</error>
    <system-out><![CDATA[inicializando calc
tirando e funcionando
subtraindo nos steps
]]></system-out>
  </testcase>
  <testcase name="Example #1" classname="Single digits" time="0.005">
    <error message="The step &apos;the result is 3&apos; is undefined.&#10;You can implement this step using the snippet(s) below:&#10;&#10;@Then(&quot;the result is {int}&quot;)&#10;public void the_result_is(Integer int1) {&#10;    // Write code here that turns the phrase above into concrete actions&#10;    throw new io.cucumber.java.PendingException();&#10;}&#10;" type="io.cucumber.junit.platform.engine.UndefinedStepException">io.cucumber.junit.platform.engine.UndefinedStepException: 
The step 'the result is 3' is undefined.
You can implement this step using the snippet(s) below:

@Then("the result is {int}")
public void the_result_is(Integer int1) {
    // Write code here that turns the phrase above into concrete actions
    throw new io.cucumber.java.PendingException();
}

</error>
    <system-out><![CDATA[inicializando calc
adicionando e funcionando
adicionando nos steps
]]></system-out>
  </testcase>
  <testcase name="Example #2" classname="Single digits" time="0.004">
    <error message="The step &apos;the result is 10&apos; is undefined.&#10;You can implement this step using the snippet(s) below:&#10;&#10;@Then(&quot;the result is {int}&quot;)&#10;public void the_result_is(Integer int1) {&#10;    // Write code here that turns the phrase above into concrete actions&#10;    throw new io.cucumber.java.PendingException();&#10;}&#10;" type="io.cucumber.junit.platform.engine.UndefinedStepException">io.cucumber.junit.platform.engine.UndefinedStepException: 
The step 'the result is 10' is undefined.
You can implement this step using the snippet(s) below:

@Then("the result is {int}")
public void the_result_is(Integer int1) {
    // Write code here that turns the phrase above into concrete actions
    throw new io.cucumber.java.PendingException();
}

</error>
    <system-out><![CDATA[inicializando calc
adicionando e funcionando
adicionando nos steps
]]></system-out>
  </testcase>
</testsuite>